{"name": "Regisztráció valid adatokkal.", "status": "broken", "statusDetails": {"message": "selenium.common.exceptions.TimeoutException: Message: \nStacktrace:\n\tGetHandleVerifier [0x00007FF6FE0AAD02+56930]\n\t(No symbol) [0x00007FF6FE01F602]\n\t(No symbol) [0x00007FF6FDED42E5]\n\t(No symbol) [0x00007FF6FDF198ED]\n\t(No symbol) [0x00007FF6FDF19A2C]\n\t(No symbol) [0x00007FF6FDF5A967]\n\t(No symbol) [0x00007FF6FDF3BCDF]\n\t(No symbol) [0x00007FF6FDF581E2]\n\t(No symbol) [0x00007FF6FDF3BA43]\n\t(No symbol) [0x00007FF6FDF0D438]\n\t(No symbol) [0x00007FF6FDF0E4D1]\n\tGetHandleVerifier [0x00007FF6FE426F8D+3711213]\n\tGetHandleVerifier [0x00007FF6FE4804CD+4077101]\n\tGetHandleVerifier [0x00007FF6FE47865F+4044735]\n\tGetHandleVerifier [0x00007FF6FE149736+706710]\n\t(No symbol) [0x00007FF6FE02B8DF]\n\t(No symbol) [0x00007FF6FE026AC4]\n\t(No symbol) [0x00007FF6FE026C1C]\n\t(No symbol) [0x00007FF6FE0168D4]\n\tBaseThreadInitThunk [0x00007FFAD8D17344+20]\n\tRtlUserThreadStart [0x00007FFADAD226B1+33]", "trace": "self = <test_register.TestBeeHotel object at 0x0000028DA1402C60>\n\n    @allure.id(\"TC1\")\n    @allure.title(\"Regisztráció valid adatokkal.\")\n    def test_registration_VALID(self):\n        self.page.register_btn().click()\n        self.page.input_firstname().send_keys(\"Nium\")\n        self.page.input_lastname().send_keys(\"Sele\")\n        self.page.input_phone_number().send_keys(\"061234567\")\n        self.page.input_email().send_keys(\"körte@barack.hu\")\n        self.page.input_reg_password().send_keys(\"Selenium1\")\n        self.page.input_zip_code().send_keys(1234)\n        self.page.input_city().send_keys(\"Buda\")\n        self.page.input_address().send_keys(\"Kalocs u. 1\")\n        self.page.select_role().select_by_value(\"ROLE_BEEKEEPER\")\n        upload_file = os.path.abspath(\n            os.path.join(os.path.dirname(__file__), \"..\", \"rak.PNG\"))\n        self.page.input_file_upload().send_keys(upload_file)\n        self.page.register_submit_btn().click()\n    \n>       assert self.page.login_username_input().is_displayed()\n\ntest_register.py:33: \n_ _ _ _ _ _ _ _ _ _ _ _ _ _ _ _ _ _ _ _ _ _ _ _ _ _ _ _ _ _ _ _ _ _ _ _ _ _ _ _ _ _ _ _ _ _ _ _ _ _ _ _ _ _ _ _ _ _ _ _ _ _ _ _ _ _ _ _ _ _ _ _ _ _ _ _ _ _ _ _ _ _ _ _ _ _ _ _ _ _ _ _ _ _ _ _ _ _ _ _ _ _ _ _ _ _ _ _ _ _ _ _ _ _ _ _\npage_model.py:59: in login_username_input\n    return WebDriverWait(self.browser, 5).until(EC.presence_of_element_located((By.ID, \"username\")))\n_ _ _ _ _ _ _ _ _ _ _ _ _ _ _ _ _ _ _ _ _ _ _ _ _ _ _ _ _ _ _ _ _ _ _ _ _ _ _ _ _ _ _ _ _ _ _ _ _ _ _ _ _ _ _ _ _ _ _ _ _ _ _ _ _ _ _ _ _ _ _ _ _ _ _ _ _ _ _ _ _ _ _ _ _ _ _ _ _ _ _ _ _ _ _ _ _ _ _ _ _ _ _ _ _ _ _ _ _ _ _ _ _ _ _ _\n\nself = <selenium.webdriver.support.wait.WebDriverWait (session=\"d66c33c0e1d7aa3e7513bcb9a97afa01\")>, method = <function presence_of_element_located.<locals>._predicate at 0x0000028DA1C42660>, message = ''\n\n    def until(self, method: Callable[[D], Union[Literal[False], T]], message: str = \"\") -> T:\n        \"\"\"Calls the method provided with the driver as an argument until the \\\n        return value does not evaluate to ``False``.\n    \n        :param method: callable(WebDriver)\n        :param message: optional message for :exc:`TimeoutException`\n        :returns: the result of the last call to `method`\n        :raises: :exc:`selenium.common.exceptions.TimeoutException` if timeout occurs\n        \"\"\"\n        screen = None\n        stacktrace = None\n    \n        end_time = time.monotonic() + self._timeout\n        while True:\n            try:\n                value = method(self._driver)\n                if value:\n                    return value\n            except self._ignored_exceptions as exc:\n                screen = getattr(exc, \"screen\", None)\n                stacktrace = getattr(exc, \"stacktrace\", None)\n            time.sleep(self._poll)\n            if time.monotonic() > end_time:\n                break\n>       raise TimeoutException(message, screen, stacktrace)\nE       selenium.common.exceptions.TimeoutException: Message: \nE       Stacktrace:\nE       \tGetHandleVerifier [0x00007FF6FE0AAD02+56930]\nE       \t(No symbol) [0x00007FF6FE01F602]\nE       \t(No symbol) [0x00007FF6FDED42E5]\nE       \t(No symbol) [0x00007FF6FDF198ED]\nE       \t(No symbol) [0x00007FF6FDF19A2C]\nE       \t(No symbol) [0x00007FF6FDF5A967]\nE       \t(No symbol) [0x00007FF6FDF3BCDF]\nE       \t(No symbol) [0x00007FF6FDF581E2]\nE       \t(No symbol) [0x00007FF6FDF3BA43]\nE       \t(No symbol) [0x00007FF6FDF0D438]\nE       \t(No symbol) [0x00007FF6FDF0E4D1]\nE       \tGetHandleVerifier [0x00007FF6FE426F8D+3711213]\nE       \tGetHandleVerifier [0x00007FF6FE4804CD+4077101]\nE       \tGetHandleVerifier [0x00007FF6FE47865F+4044735]\nE       \tGetHandleVerifier [0x00007FF6FE149736+706710]\nE       \t(No symbol) [0x00007FF6FE02B8DF]\nE       \t(No symbol) [0x00007FF6FE026AC4]\nE       \t(No symbol) [0x00007FF6FE026C1C]\nE       \t(No symbol) [0x00007FF6FE0168D4]\nE       \tBaseThreadInitThunk [0x00007FFAD8D17344+20]\nE       \tRtlUserThreadStart [0x00007FFADAD226B1+33]\n\nC:\\Users\\Jani\\AppData\\Local\\Programs\\Python\\Python312\\Lib\\site-packages\\selenium\\webdriver\\support\\wait.py:105: TimeoutException"}, "start": 1711013142675, "stop": 1711013153424, "uuid": "51fcf1e9-4fd5-4656-92bc-27e7dfdedaaf", "historyId": "de0af0c320bc888b49c7b3769f07747c", "testCaseId": "de0af0c320bc888b49c7b3769f07747c", "fullName": "test_register.TestBeeHotel#test_registration_VALID", "labels": [{"name": "as_id", "value": "TC1"}, {"name": "suite", "value": "test_register"}, {"name": "subSuite", "value": "TestBeeHotel"}, {"name": "host", "value": "DESKTOP-DQORGJH"}, {"name": "thread", "value": "14476-MainThread"}, {"name": "framework", "value": "pytest"}, {"name": "language", "value": "cpython3"}, {"name": "package", "value": "test_register"}]}